#
# There is insufficient memory for the Java Runtime Environment to continue.
# Native memory allocation (mmap) failed to map 268435456 bytes. Error detail: G1 virtual space
# Possible reasons:
#   The system is out of physical RAM or swap space
#   This process is running with CompressedOops enabled, and the Java Heap may be blocking the growth of the native heap
# Possible solutions:
#   Reduce memory load on the system
#   Increase physical memory or swap space
#   Check if swap backing store is full
#   Decrease Java heap size (-Xmx/-Xms)
#   Decrease number of Java threads
#   Decrease Java thread stack sizes (-Xss)
#   Set larger code cache with -XX:ReservedCodeCacheSize=
#   JVM is running with Zero Based Compressed Oops mode in which the Java heap is
#     placed in the first 32GB address space. The Java Heap base address is the
#     maximum limit for the native heap growth. Please use -XX:HeapBaseMinAddress
#     to set the Java Heap base and to place the Java Heap above 32GB virtual address.
# This output file may be truncated or incomplete.
#
#  Out of Memory Error (os_windows.cpp:3898), pid=20524, tid=5028
#
# JRE version:  (21.0.6) (build )
# Java VM: OpenJDK 64-Bit Server VM (21.0.6+-13368085-b895.109, mixed mode, sharing, tiered, compressed oops, compressed class ptrs, g1 gc, windows-amd64)
# No core dump will be written. Minidumps are not enabled by default on client versions of Windows
#

---------------  S U M M A R Y ------------

Command Line: git4idea.http.GitAskPassApp Username for 'https://github.com': 

Host: AMD Ryzen 5 3600 6-Core Processor              , 12 cores, 15G,  Windows 11 , 64 bit Build 26100 (10.0.26100.3912)
Time: Wed Jun  4 03:05:08 2025 SA Pacific Standard Time elapsed time: 1.176625 seconds (0d 0h 0m 1s)

---------------  T H R E A D  ---------------

Current thread (0x000001b562019960):  JavaThread "Unknown thread" [_thread_in_vm, id=5028, stack(0x0000002bb4900000,0x0000002bb4a00000) (1024K)]

Stack: [0x0000002bb4900000,0x0000002bb4a00000]
Native frames: (J=compiled Java code, j=interpreted, Vv=VM code, C=native code)
V  [jvm.dll+0x6d0639]
V  [jvm.dll+0x85eb03]
V  [jvm.dll+0x86105e]
V  [jvm.dll+0x861743]
V  [jvm.dll+0x27e6e6]
V  [jvm.dll+0x6ccfd5]
V  [jvm.dll+0x6c0a8a]
V  [jvm.dll+0x35537b]
V  [jvm.dll+0x35cfd6]
V  [jvm.dll+0x3aef86]
V  [jvm.dll+0x3af258]
V  [jvm.dll+0x327a2c]
V  [jvm.dll+0x32871b]
V  [jvm.dll+0x826549]
V  [jvm.dll+0x3bc158]
V  [jvm.dll+0x80f7f8]
V  [jvm.dll+0x45035e]
V  [jvm.dll+0x451ac1]
C  [jli.dll+0x52ab]
C  [ucrtbase.dll+0x37b0]
C  [KERNEL32.DLL+0x2e8d7]
C  [ntdll.dll+0x9c5dc]


---------------  P R O C E S S  ---------------

Threads class SMR info:
_java_thread_list=0x00007ffd4d451848, length=0, elements={
}

Java Threads: ( => current thread )
Total: 0

Other Threads:
  0x000001b56207ee50 WorkerThread "GC Thread#0"                     [id=868, stack(0x0000002bb4a00000,0x0000002bb4b00000) (1024K)]
  0x000001b562090ab0 ConcurrentGCThread "G1 Main Marker"            [id=18740, stack(0x0000002bb4b00000,0x0000002bb4c00000) (1024K)]
  0x000001b562091d50 WorkerThread "G1 Conc#0"                       [id=20664, stack(0x0000002bb4c00000,0x0000002bb4d00000) (1024K)]

[error occurred during error reporting (printing all threads), id 0xc0000005, EXCEPTION_ACCESS_VIOLATION (0xc0000005) at pc=0x00007ffd4cc4aa87]
VM state: not at safepoint (not fully initialized)

VM Mutex/Monitor currently owned by a thread:  ([mutex/lock_event])
[0x00007ffd4d4be4a0] Heap_lock - owner thread: 0x000001b562019960

Heap address: 0x0000000701c00000, size: 4068 MB, Compressed Oops mode: Zero based, Oop shift amount: 3

CDS archive(s) mapped at: [0x0000000000000000-0x0000000000000000-0x0000000000000000), size 0, SharedBaseAddress: 0x0000000800000000, ArchiveRelocationMode: 1.
Narrow klass base: 0x0000000000000000, Narrow klass shift: 0, Narrow klass range: 0x0

GC Precious Log:
 CardTable entry size: 512
 Card Set container configuration: InlinePtr #cards 4 size 8 Array Of Cards #cards 16 size 48 Howl #buckets 8 coarsen threshold 3686 Howl Bitmap #cards 512 size 80 coarsen threshold 460 Card regions per heap region 1 cards per card region 4096

Heap:
 garbage-first heap   total 0K, used 0K [0x0000000701c00000, 0x0000000800000000)
  region size 2048K, 0 young (0K), 0 survivors (0K)
 Metaspace       used 0K, committed 0K, reserved 0K
  class space    used 0K, committed 0K, reserved 0K

Heap Regions: E=young(eden), S=young(survivor), O=old, HS=humongous(starts), HC=humongous(continues), CS=collection set, F=free, TAMS=top-at-mark-start, PB=parsable bottom

Card table byte_map: [0x000001b574ec0000,0x000001b5756c0000] _byte_map_base: 0x000001b5716b2000

Marking Bits: (CMBitMap*) 0x000001b56207f550
 Bits: [0x000001b5756c0000, 0x000001b579650000)

GC Heap History (0 events):
No events

Dll operation events (1 events):
Event: 0.005 Loaded shared library C:\Program Files\Android\Android Studio\jbr\bin\java.dll

Deoptimization events (0 events):
No events

Classes loaded (0 events):
No events

Classes unloaded (0 events):
No events

Classes redefined (0 events):
No events

Internal exceptions (0 events):
No events

ZGC Phase Switch (0 events):
No events

VM Operations (0 events):
No events

Memory protections (0 events):
No events

Nmethod flushes (0 events):
No events

Events (0 events):
No events


Dynamic libraries:
0x00007ff7180b0000 - 0x00007ff7180ba000 	C:\Program Files\Android\Android Studio\jbr\bin\java.exe
0x00007ffdef9a0000 - 0x00007ffdefc06000 	C:\Windows\SYSTEM32\ntdll.dll
0x00007ffdef610000 - 0x00007ffdef6d9000 	C:\Windows\System32\KERNEL32.DLL
0x00007ffded010000 - 0x00007ffded3dc000 	C:\Windows\System32\KERNELBASE.dll
0x00007ffdecec0000 - 0x00007ffded00b000 	C:\Windows\System32\ucrtbase.dll
0x00007ffdd9da0000 - 0x00007ffdd9dbb000 	C:\Program Files\Android\Android Studio\jbr\bin\VCRUNTIME140.dll
0x00007ffdd4370000 - 0x00007ffdd4388000 	C:\Program Files\Android\Android Studio\jbr\bin\jli.dll
0x00007ffdeeda0000 - 0x00007ffdeef6a000 	C:\Windows\System32\USER32.dll
0x00007ffdecbd0000 - 0x00007ffdecbf7000 	C:\Windows\System32\win32u.dll
0x00007ffdcee70000 - 0x00007ffdcf10a000 	C:\Windows\WinSxS\amd64_microsoft.windows.common-controls_6595b64144ccf1df_6.0.26100.3912_none_3e07963ce335137e\COMCTL32.dll
0x00007ffdef760000 - 0x00007ffdef78b000 	C:\Windows\System32\GDI32.dll
0x00007ffdedea0000 - 0x00007ffdedf49000 	C:\Windows\System32\msvcrt.dll
0x00007ffdecc00000 - 0x00007ffdecd32000 	C:\Windows\System32\gdi32full.dll
0x00007ffded5f0000 - 0x00007ffded693000 	C:\Windows\System32\msvcp_win.dll
0x00007ffdef4b0000 - 0x00007ffdef4e0000 	C:\Windows\System32\IMM32.DLL
0x00007ffdd4d30000 - 0x00007ffdd4d3c000 	C:\Program Files\Android\Android Studio\jbr\bin\vcruntime140_1.dll
0x00007ffdc1890000 - 0x00007ffdc191d000 	C:\Program Files\Android\Android Studio\jbr\bin\msvcp140.dll
0x00007ffd4c910000 - 0x00007ffd4d59b000 	C:\Program Files\Android\Android Studio\jbr\bin\server\jvm.dll
0x00007ffdef500000 - 0x00007ffdef5b2000 	C:\Windows\System32\ADVAPI32.dll
0x00007ffdef8b0000 - 0x00007ffdef956000 	C:\Windows\System32\sechost.dll
0x00007ffdef790000 - 0x00007ffdef8a6000 	C:\Windows\System32\RPCRT4.dll
0x00007ffdef6e0000 - 0x00007ffdef754000 	C:\Windows\System32\WS2_32.dll
0x00007ffdeb780000 - 0x00007ffdeb7de000 	C:\Windows\SYSTEM32\POWRPROF.dll
0x00007ffde0fe0000 - 0x00007ffde1016000 	C:\Windows\SYSTEM32\WINMM.dll
0x00007ffde0090000 - 0x00007ffde009b000 	C:\Windows\SYSTEM32\VERSION.dll
0x00007ffdeb760000 - 0x00007ffdeb774000 	C:\Windows\SYSTEM32\UMPDC.dll
0x00007ffdeba10000 - 0x00007ffdeba2a000 	C:\Windows\SYSTEM32\kernel.appcore.dll
0x00007ffdd4980000 - 0x00007ffdd498a000 	C:\Program Files\Android\Android Studio\jbr\bin\jimage.dll
0x00007ffde0350000 - 0x00007ffde0591000 	C:\Windows\SYSTEM32\DBGHELP.DLL
0x00007ffdef000000 - 0x00007ffdef384000 	C:\Windows\System32\combase.dll
0x00007ffdee9e0000 - 0x00007ffdeeac0000 	C:\Windows\System32\OLEAUT32.dll
0x00007ffdd6a30000 - 0x00007ffdd6a69000 	C:\Windows\SYSTEM32\dbgcore.DLL
0x00007ffdecb30000 - 0x00007ffdecbc9000 	C:\Windows\System32\bcryptPrimitives.dll
0x00007ffdd4960000 - 0x00007ffdd4980000 	C:\Program Files\Android\Android Studio\jbr\bin\java.dll

dbghelp: loaded successfully - version: 4.0.5 - missing functions: none
symbol engine: initialized successfully - sym options: 0x614 - pdb path: .;C:\Program Files\Android\Android Studio\jbr\bin;C:\Windows\SYSTEM32;C:\Windows\WinSxS\amd64_microsoft.windows.common-controls_6595b64144ccf1df_6.0.26100.3912_none_3e07963ce335137e;C:\Program Files\Android\Android Studio\jbr\bin\server

VM Arguments:
java_command: git4idea.http.GitAskPassApp Username for 'https://github.com': 
java_class_path (initial): C:/Program Files/Android/Android Studio/plugins/vcs-git/lib/git4idea-rt.jar;C:/Program Files/Android/Android Studio/lib/externalProcess-rt.jar
Launcher Type: SUN_STANDARD

[Global flags]
     intx CICompilerCount                          = 4                                         {product} {ergonomic}
     uint ConcGCThreads                            = 3                                         {product} {ergonomic}
     uint G1ConcRefinementThreads                  = 10                                        {product} {ergonomic}
   size_t G1HeapRegionSize                         = 2097152                                   {product} {ergonomic}
    uintx GCDrainStackTargetSize                   = 64                                        {product} {ergonomic}
   size_t InitialHeapSize                          = 268435456                                 {product} {ergonomic}
   size_t MarkStackSize                            = 4194304                                   {product} {ergonomic}
   size_t MaxHeapSize                              = 4265607168                                {product} {ergonomic}
   size_t MinHeapDeltaBytes                        = 2097152                                   {product} {ergonomic}
   size_t MinHeapSize                              = 8388608                                   {product} {ergonomic}
    uintx NonNMethodCodeHeapSize                   = 5839372                                {pd product} {ergonomic}
    uintx NonProfiledCodeHeapSize                  = 122909434                              {pd product} {ergonomic}
    uintx ProfiledCodeHeapSize                     = 122909434                              {pd product} {ergonomic}
    uintx ReservedCodeCacheSize                    = 251658240                              {pd product} {ergonomic}
     bool SegmentedCodeCache                       = true                                      {product} {ergonomic}
   size_t SoftMaxHeapSize                          = 4265607168                             {manageable} {ergonomic}
     bool UseCompressedOops                        = true                           {product lp64_product} {ergonomic}
     bool UseG1GC                                  = true                                      {product} {ergonomic}
     bool UseLargePagesIndividualAllocation        = false                                  {pd product} {ergonomic}

Logging:
Log output configuration:
 #0: stdout all=warning uptime,level,tags foldmultilines=false
 #1: stderr all=off uptime,level,tags foldmultilines=false

Environment Variables:
PATH=C:\Program Files\Git\mingw64\libexec\git-core;C:\Program Files\Git\mingw64\libexec\git-core;C:\Program Files\Git\mingw64\bin;C:\Program Files\Git\usr\bin;C:\Users\Admin\bin;C:\Users\Admin\AppData\Local\Programs\cursor\resources\app\bin;C:\Windows\system32;C:\Windows;C:\Windows\System32\Wbem;C:\Windows\System32\WindowsPowerShell\v1.0;C:\Windows\System32\OpenSSH;C:\Users\Admin\AppData\Local\Programs\Python\Python313\Scripts;C:\Users\Admin\AppData\Local\Programs\Python\Python313;C:\Users\Admin\AppData\Local\Microsoft\WindowsApps;C:\Users\Admin\AppData\Local\Programs\cursor\resources\app\bin;C:\MinGW\bin;C:\Users\Admin\AppData\Local\Programs\cursor\resources\app\bin;C:\Program Files\Git\cmd;C:\Users\Admin\AppData\Local\Programs\Python\Python313\Scripts;C:\Users\Admin\AppData\Local\Programs\Python\Python313;C:\Users\Admin\AppData\Local\Microsoft\WindowsApps;C:\Users\Admin\AppData\Local\Programs\Microsoft VS Code\bin;C:\Users\Admin\AppData\Local\Programs\cursor\resources\app\bin;C:\MinGW\bin
USERNAME=Panci
DISPLAY=:0.0
LC_ALL=en_US.UTF-8
TERM=xterm-256color
TMPDIR=C:\Users\Admin\AppData\Local\Temp
OS=Windows_NT
PROCESSOR_IDENTIFIER=AMD64 Family 23 Model 113 Stepping 0, AuthenticAMD
TMP=C:\Users\Admin\AppData\Local\Temp
TEMP=C:\Users\Admin\AppData\Local\Temp




Periodic native trim disabled

JNI global refs:
JNI global refs: 0, weak refs: 0

JNI global refs memory usage: 0, weak refs: 0

Process memory usage:
Resident Set Size: 12908K (0% of 16656172K total physical memory with 1726048K free physical memory)

OOME stack traces (most recent first):
Classloader memory used:

---------------  S Y S T E M  ---------------

OS:
 Windows 11 , 64 bit Build 26100 (10.0.26100.3912)
OS uptime: 0 days 3:52 hours

CPU: total 12 (initial active 12) (12 cores per cpu, 2 threads per core) family 23 model 113 stepping 0 microcode 0x8701021, cx8, cmov, fxsr, ht, mmx, 3dnowpref, sse, sse2, sse3, ssse3, sse4a, sse4.1, sse4.2, popcnt, lzcnt, tsc, tscinvbit, avx, avx2, aes, clmul, bmi1, bmi2, adx, sha, fma, vzeroupper, clflush, clflushopt, rdtscp, rdpid, f16c
Processor Information for the first 12 processors :
  Max Mhz: 3593, Current Mhz: 3593, Mhz Limit: 3593

Memory: 4k page, system-wide physical 16265M (1685M free)
TotalPageFile size 24457M (AvailPageFile size 168M)
current process WorkingSet (physical memory assigned to process): 12M, peak: 12M
current process commit charge ("private bytes"): 64M, peak: 320M

vm_info: OpenJDK 64-Bit Server VM (21.0.6+-13368085-b895.109) for windows-amd64 JRE (21.0.6+-13368085-b895.109), built on 2025-04-16T17:01:31Z by "builder" with MS VC++ 16.10 / 16.11 (VS2019)

END.
